 Método de Gauss-Seidel para tolerância de   9.9999999999999998E-017

 Quantidade de iterações:       30977

 Diferença relativa:   2.5320894674979898E-007

1 Threads
 Método de Gauss-Seidel para tolerância de   9.9999999999999998E-017

 Quantidade de iterações:       29772

 Diferença relativa:   2.5320894739560168E-007

2 Threads
 Método de Gauss-Seidel para tolerância de   9.9999999999999998E-017

 Quantidade de iterações:       30073

 Diferença relativa:   2.5320894761622358E-007

3 Threads
 Método de Gauss-Seidel para tolerância de   9.9999999999999998E-017

 Quantidade de iterações:       30231

 Diferença relativa:   2.5320894845871744E-007

4 Threads
 Método de Gauss-Seidel para tolerância de   9.9999999999999998E-017

 Quantidade de iterações:       30368

 Diferença relativa:   2.5320894749591415E-007

5 Threads
 Método de Gauss-Seidel para tolerância de   9.9999999999999998E-017

 Quantidade de iterações:       30512

 Diferença relativa:   2.5320894696058636E-007

6 Threads
 Método de Gauss-Seidel para tolerância de   9.9999999999999998E-017

 Quantidade de iterações:       30662

 Diferença relativa:   2.5320894652983273E-007

7 Threads
 Método de Gauss-Seidel para tolerância de   9.9999999999999998E-017

 Quantidade de iterações:       30824

 Diferença relativa:   2.5320894652294852E-007

8 Threads
 Método de Gauss-Seidel para tolerância de   9.9999999999999998E-017

 Quantidade de iterações:       30977

 Diferença relativa:   2.5320894674979898E-007

1 Threads
2 Threads
3 Threads
4 Threads
5 Threads
6 Threads
7 Threads
8 Threads
1 Threads
 Método de Gauss-Seidel para tolerância de   9.9999999999999998E-017


 Diferença relativa:   2.5320894473830400E-007

2 Threads
 Método de Gauss-Seidel para tolerância de   9.9999999999999998E-017


 Diferença relativa:   2.5320894516545165E-007

3 Threads
 Método de Gauss-Seidel para tolerância de   9.9999999999999998E-017


 Diferença relativa:   2.5320894489729600E-007

4 Threads
 Método de Gauss-Seidel para tolerância de   9.9999999999999998E-017


 Diferença relativa:   2.5320894537525557E-007

5 Threads
 Método de Gauss-Seidel para tolerância de   9.9999999999999998E-017


 Diferença relativa:   2.5320894170598184E-007

6 Threads
 Método de Gauss-Seidel para tolerância de   9.9999999999999998E-017


 Diferença relativa:   2.5320894552342958E-007

7 Threads
 Método de Gauss-Seidel para tolerância de   9.9999999999999998E-017


 Diferença relativa:   2.5320894251503817E-007

8 Threads
 Método de Gauss-Seidel para tolerância de   9.9999999999999998E-017


 Diferença relativa:   2.5320894020555605E-007

1 Threads
2 Threads
3 Threads
4 Threads
5 Threads
6 Threads
7 Threads
8 Threads
1 Threads
 Método de Gauss-Seidel para tolerância de   9.9999999999999998E-017


 Diferença relativa:   2.5320894473830400E-007

2 Threads
 Método de Gauss-Seidel para tolerância de   9.9999999999999998E-017


 Diferença relativa:   2.5320894516545165E-007

3 Threads
 Método de Gauss-Seidel para tolerância de   9.9999999999999998E-017


 Diferença relativa:   2.5320894489729600E-007

4 Threads
 Método de Gauss-Seidel para tolerância de   9.9999999999999998E-017


 Diferença relativa:   2.5320894537525557E-007

5 Threads
 Método de Gauss-Seidel para tolerância de   9.9999999999999998E-017


 Diferença relativa:   2.5320894170598184E-007

6 Threads
 Método de Gauss-Seidel para tolerância de   9.9999999999999998E-017


 Diferença relativa:   2.5320894552342958E-007

7 Threads
 Método de Gauss-Seidel para tolerância de   9.9999999999999998E-017


 Diferença relativa:   2.5320894251503817E-007

8 Threads
 Método de Gauss-Seidel para tolerância de   9.9999999999999998E-017


 Diferença relativa:   2.5320894020555605E-007

1 Threads
2 Threads
3 Threads
4 Threads
5 Threads
6 Threads
7 Threads
8 Threads
1 Threads
 Método de Gauss-Seidel para tolerância de   9.9999999999999998E-017


 Diferença relativa:   2.5320894473830400E-007

2 Threads
 Método de Gauss-Seidel para tolerância de   9.9999999999999998E-017


 Diferença relativa:   2.5320894552867467E-007

3 Threads
 Método de Gauss-Seidel para tolerância de   9.9999999999999998E-017


 Diferença relativa:   2.5320894049338081E-007

4 Threads
 Método de Gauss-Seidel para tolerância de   9.9999999999999998E-017


 Diferença relativa:   2.5320894513627581E-007

5 Threads
 Método de Gauss-Seidel para tolerância de   9.9999999999999998E-017


 Diferença relativa:   2.5320894564406682E-007

6 Threads
 Método de Gauss-Seidel para tolerância de   9.9999999999999998E-017


 Diferença relativa:   2.5320894113656087E-007

7 Threads
 Método de Gauss-Seidel para tolerância de   9.9999999999999998E-017


 Diferença relativa:   2.5320894091921714E-007

8 Threads
 Método de Gauss-Seidel para tolerância de   9.9999999999999998E-017


 Diferença relativa:   2.5320894052419576E-007

1 Threads
 Método de Gauss-Seidel para tolerância de   9.9999999999999998E-017


 Diferença relativa:   2.5320894473830400E-007

2 Threads
 Método de Gauss-Seidel para tolerância de   9.9999999999999998E-017


 Diferença relativa:   2.5320894552867467E-007

3 Threads
 Método de Gauss-Seidel para tolerância de   9.9999999999999998E-017


 Diferença relativa:   2.5320894049338081E-007

4 Threads
 Método de Gauss-Seidel para tolerância de   9.9999999999999998E-017


 Diferença relativa:   2.5320894495958156E-007

5 Threads
 Método de Gauss-Seidel para tolerância de   9.9999999999999998E-017


 Diferença relativa:   2.5320894517954786E-007

6 Threads
 Método de Gauss-Seidel para tolerância de   9.9999999999999998E-017


 Diferença relativa:   2.5320894135357680E-007

7 Threads
 Método de Gauss-Seidel para tolerância de   9.9999999999999998E-017


 Diferença relativa:   2.5320894012524049E-007

8 Threads
 Método de Gauss-Seidel para tolerância de   9.9999999999999998E-017


 Diferença relativa:   2.5320894176531698E-007

1 Threads
 Método de Gauss-Seidel para tolerância de   9.9999999999999998E-017


 Diferença relativa:   2.5320894473830400E-007

2 Threads
 Método de Gauss-Seidel para tolerância de   9.9999999999999998E-017


 Diferença relativa:   2.5320894516545165E-007

3 Threads
 Método de Gauss-Seidel para tolerância de   9.9999999999999998E-017


 Diferença relativa:   2.5320894489729600E-007

4 Threads
 Método de Gauss-Seidel para tolerância de   9.9999999999999998E-017


 Diferença relativa:   2.5320894537525557E-007

5 Threads
 Método de Gauss-Seidel para tolerância de   9.9999999999999998E-017


 Diferença relativa:   2.5320894170598184E-007

6 Threads
 Método de Gauss-Seidel para tolerância de   9.9999999999999998E-017


 Diferença relativa:   2.5320894552342958E-007

7 Threads
 Método de Gauss-Seidel para tolerância de   9.9999999999999998E-017


 Diferença relativa:   2.5320894251503817E-007

8 Threads
 Método de Gauss-Seidel para tolerância de   9.9999999999999998E-017


 Diferença relativa:   2.5320894020555605E-007

1 Threads
 Método de Gauss-Seidel para tolerância de   9.9999999999999998E-017


 Diferença relativa:                  Infinity

2 Threads
 Método de Gauss-Seidel para tolerância de   9.9999999999999998E-017


 Diferença relativa:                  Infinity

3 Threads
 Método de Gauss-Seidel para tolerância de   9.9999999999999998E-017


 Diferença relativa:                  Infinity

4 Threads
 Método de Gauss-Seidel para tolerância de   9.9999999999999998E-017


 Diferença relativa:                  Infinity

5 Threads
 Método de Gauss-Seidel para tolerância de   9.9999999999999998E-017


 Diferença relativa:                  Infinity

6 Threads
 Método de Gauss-Seidel para tolerância de   9.9999999999999998E-017


 Diferença relativa:                  Infinity

7 Threads
 Método de Gauss-Seidel para tolerância de   9.9999999999999998E-017


 Diferença relativa:                  Infinity

8 Threads
 Método de Gauss-Seidel para tolerância de   9.9999999999999998E-017


 Diferença relativa:                  Infinity

1 Threads
 Método de Gauss-Seidel para tolerância de   9.9999999999999998E-017


 Diferença relativa:   2.5320894473830400E-007

2 Threads
 Método de Gauss-Seidel para tolerância de   9.9999999999999998E-017


 Diferença relativa:   2.5320894470388307E-007

3 Threads
 Método de Gauss-Seidel para tolerância de   9.9999999999999998E-017


 Diferença relativa:   2.5320894146372386E-007

4 Threads
 Método de Gauss-Seidel para tolerância de   9.9999999999999998E-017


 Diferença relativa:   2.5320893932896906E-007

5 Threads
 Método de Gauss-Seidel para tolerância de   9.9999999999999998E-017


 Diferença relativa:   2.5320894004492493E-007

6 Threads
 Método de Gauss-Seidel para tolerância de   9.9999999999999998E-017


 Diferença relativa:   2.5320894087823986E-007

7 Threads
 Método de Gauss-Seidel para tolerância de   9.9999999999999998E-017


 Diferença relativa:   2.5320894058779253E-007

8 Threads
 Método de Gauss-Seidel para tolerância de   9.9999999999999998E-017


 Diferença relativa:   2.5320894041798248E-007

1 Threads
2 Threads
3 Threads
4 Threads
5 Threads
6 Threads
7 Threads
8 Threads
1 Threads
 Método de Gauss-Seidel para tolerância de   9.9999999999999998E-017


 Diferença relativa:   2.5320894473830400E-007

2 Threads
 Método de Gauss-Seidel para tolerância de   9.9999999999999998E-017


 Diferença relativa:   2.5320894473830400E-007

3 Threads
 Método de Gauss-Seidel para tolerância de   9.9999999999999998E-017


 Diferença relativa:   2.5320894473830400E-007

4 Threads
 Método de Gauss-Seidel para tolerância de   9.9999999999999998E-017


 Diferença relativa:   2.5320894473830400E-007

5 Threads
 Método de Gauss-Seidel para tolerância de   9.9999999999999998E-017


 Diferença relativa:   2.5320894473830400E-007

6 Threads
 Método de Gauss-Seidel para tolerância de   9.9999999999999998E-017


 Diferença relativa:   2.5320894473830400E-007

7 Threads
 Método de Gauss-Seidel para tolerância de   9.9999999999999998E-017


 Diferença relativa:   2.5320894473830400E-007

8 Threads
 Método de Gauss-Seidel para tolerância de   9.9999999999999998E-017


 Diferença relativa:   2.5320894473830400E-007

1 Threads
 Método de Gauss-Seidel para tolerância de   9.9999999999999998E-017


 Diferença relativa:   2.5320894473830400E-007

2 Threads
 Método de Gauss-Seidel para tolerância de   9.9999999999999998E-017


 Diferença relativa:   2.5320894522839281E-007

3 Threads
 Método de Gauss-Seidel para tolerância de   9.9999999999999998E-017


 Diferença relativa:   2.5320894507792408E-007

4 Threads
 Método de Gauss-Seidel para tolerância de   9.9999999999999998E-017


 Diferença relativa:   2.5320894519495534E-007

5 Threads
 Método de Gauss-Seidel para tolerância de   9.9999999999999998E-017


 Diferença relativa:   2.5320894170598184E-007

6 Threads
 Método de Gauss-Seidel para tolerância de   9.9999999999999998E-017


 Diferença relativa:   2.5320894170598184E-007

7 Threads
 Método de Gauss-Seidel para tolerância de   9.9999999999999998E-017


 Diferença relativa:   2.5320894170598184E-007

8 Threads
 Método de Gauss-Seidel para tolerância de   9.9999999999999998E-017


 Diferença relativa:   2.5320894170598184E-007

1 Threads
 Método de Gauss-Seidel para tolerância de   9.9999999999999998E-017


 Diferença relativa:   2.5320894473830400E-007

2 Threads
 Método de Gauss-Seidel para tolerância de   9.9999999999999998E-017


 Diferença relativa:   2.5320894516545165E-007

3 Threads
 Método de Gauss-Seidel para tolerância de   9.9999999999999998E-017


 Diferença relativa:   2.5320894516545165E-007

4 Threads
 Método de Gauss-Seidel para tolerância de   9.9999999999999998E-017


 Diferença relativa:   2.5320894516545165E-007

5 Threads
 Método de Gauss-Seidel para tolerância de   9.9999999999999998E-017


 Diferença relativa:   2.5320894516545165E-007

6 Threads
 Método de Gauss-Seidel para tolerância de   9.9999999999999998E-017


 Diferença relativa:   2.5320894516545165E-007

7 Threads
 Método de Gauss-Seidel para tolerância de   9.9999999999999998E-017


 Diferença relativa:   2.5320894516545165E-007

8 Threads
 Método de Gauss-Seidel para tolerância de   9.9999999999999998E-017


 Diferença relativa:   2.5320894516545165E-007

1 Threads
 Método de Gauss-Seidel para tolerância de   9.9999999999999998E-017


 Diferença relativa:   2.5320894473830400E-007

2 Threads
 Método de Gauss-Seidel para tolerância de   9.9999999999999998E-017


 Diferença relativa:   2.5320894463504115E-007

3 Threads
 Método de Gauss-Seidel para tolerância de   9.9999999999999998E-017


 Diferença relativa:   2.5320894061270678E-007

4 Threads
 Método de Gauss-Seidel para tolerância de   9.9999999999999998E-017


 Diferença relativa:   2.5320893934142616E-007

5 Threads
 Método de Gauss-Seidel para tolerância de   9.9999999999999998E-017


 Diferença relativa:   2.5320893994198989E-007

6 Threads
 Método de Gauss-Seidel para tolerância de   9.9999999999999998E-017


 Diferença relativa:   2.5320894092610135E-007

7 Threads
 Método de Gauss-Seidel para tolerância de   9.9999999999999998E-017


 Diferença relativa:   2.5320894010819390E-007

8 Threads
 Método de Gauss-Seidel para tolerância de   9.9999999999999998E-017


 Diferença relativa:   2.5320894025472885E-007

1 Threads
 Método de Gauss-Seidel para tolerância de   9.9999999999999998E-017


 Diferença relativa:   2.5320894473830400E-007

2 Threads
 Método de Gauss-Seidel para tolerância de   9.9999999999999998E-017


 Diferença relativa:   2.5320894315395666E-007

3 Threads
 Método de Gauss-Seidel para tolerância de   9.9999999999999998E-017


 Diferença relativa:   2.5320894141028942E-007

4 Threads
 Método de Gauss-Seidel para tolerância de   9.9999999999999998E-017


 Diferença relativa:   2.5320894025997394E-007

5 Threads
 Método de Gauss-Seidel para tolerância de   9.9999999999999998E-017


 Diferença relativa:   2.5320894071465837E-007

6 Threads
 Método de Gauss-Seidel para tolerância de   9.9999999999999998E-017


 Diferença relativa:   2.5320894128276803E-007

7 Threads
 Método de Gauss-Seidel para tolerância de   9.9999999999999998E-017


 Diferença relativa:   2.5320894026849721E-007

8 Threads
 Método de Gauss-Seidel para tolerância de   9.9999999999999998E-017


 Diferença relativa:   2.5320894044027417E-007

1 Threads
 Método de Gauss-Seidel para tolerância de   9.9999999999999998E-017


 Diferença relativa:   2.5320894473830400E-007

2 Threads
 Método de Gauss-Seidel para tolerância de   9.9999999999999998E-017


 Diferença relativa:   2.5320894447703255E-007

3 Threads
 Método de Gauss-Seidel para tolerância de   9.9999999999999998E-017


 Diferença relativa:   2.5320894507464590E-007

4 Threads
 Método de Gauss-Seidel para tolerância de   9.9999999999999998E-017


 Diferença relativa:   2.5320894538312318E-007

5 Threads
 Método de Gauss-Seidel para tolerância de   9.9999999999999998E-017


 Diferença relativa:   2.5320894170598184E-007

6 Threads
 Método de Gauss-Seidel para tolerância de   9.9999999999999998E-017


 Diferença relativa:   2.5320894170598184E-007

7 Threads
 Método de Gauss-Seidel para tolerância de   9.9999999999999998E-017


 Diferença relativa:   2.5320894170598184E-007

8 Threads
 Método de Gauss-Seidel para tolerância de   9.9999999999999998E-017


 Diferença relativa:   2.5320894170598184E-007

1 Threads
 Método de Gauss-Seidel para tolerância de   9.9999999999999998E-017


 Diferença relativa:   2.5320894473830400E-007

2 Threads
 Método de Gauss-Seidel para tolerância de   9.9999999999999998E-017


 Diferença relativa:   2.5320894522839281E-007

3 Threads
 Método de Gauss-Seidel para tolerância de   9.9999999999999998E-017


 Diferença relativa:   2.5320894507464590E-007

4 Threads
 Método de Gauss-Seidel para tolerância de   9.9999999999999998E-017


 Diferença relativa:   2.5320894474617166E-007

5 Threads
 Método de Gauss-Seidel para tolerância de   9.9999999999999998E-017


 Diferença relativa:   2.5320894170598184E-007

6 Threads
 Método de Gauss-Seidel para tolerância de   9.9999999999999998E-017


 Diferença relativa:   2.5320894170598184E-007

7 Threads
 Método de Gauss-Seidel para tolerância de   9.9999999999999998E-017


 Diferença relativa:   2.5320894170598184E-007

8 Threads
 Método de Gauss-Seidel para tolerância de   9.9999999999999998E-017


 Diferença relativa:   2.5320894170598184E-007

1 Threads
 Método de Gauss-Seidel para tolerância de   9.9999999999999998E-017


 Diferença relativa:   2.5320894473830400E-007

2 Threads
 Método de Gauss-Seidel para tolerância de   9.9999999999999998E-017


 Diferença relativa:   2.5320894470388307E-007

3 Threads
 Método de Gauss-Seidel para tolerância de   9.9999999999999998E-017


 Diferença relativa:   2.5320894146372386E-007

4 Threads
 Método de Gauss-Seidel para tolerância de   9.9999999999999998E-017


 Diferença relativa:   2.5320893925520991E-007

5 Threads
 Método de Gauss-Seidel para tolerância de   9.9999999999999998E-017


 Diferença relativa:   2.5320893995346353E-007

6 Threads
 Método de Gauss-Seidel para tolerância de   9.9999999999999998E-017


 Diferença relativa:   2.5320894046551617E-007

7 Threads
 Método de Gauss-Seidel para tolerância de   9.9999999999999998E-017


 Diferença relativa:   2.5320893931946233E-007

8 Threads
 Método de Gauss-Seidel para tolerância de   9.9999999999999998E-017


 Diferença relativa:   2.5320893951844821E-007

1 Threads
 Método de Gauss-Seidel para tolerância de   9.9999999999999998E-017


 Diferença relativa:   2.5320894473830400E-007

2 Threads
 Método de Gauss-Seidel para tolerância de   9.9999999999999998E-017


 Diferença relativa:   2.5320894470388307E-007

3 Threads
 Método de Gauss-Seidel para tolerância de   9.9999999999999998E-017


 Diferença relativa:   2.5320894061270678E-007

4 Threads
 Método de Gauss-Seidel para tolerância de   9.9999999999999998E-017


 Diferença relativa:   2.5320893934142616E-007

5 Threads
 Método de Gauss-Seidel para tolerância de   9.9999999999999998E-017


 Diferença relativa:   2.5320894026128520E-007

6 Threads
 Método de Gauss-Seidel para tolerância de   9.9999999999999998E-017


 Diferença relativa:   2.5320893959089616E-007

7 Threads
 Método de Gauss-Seidel para tolerância de   9.9999999999999998E-017


 Diferença relativa:   2.5320894077563262E-007

8 Threads
 Método de Gauss-Seidel para tolerância de   9.9999999999999998E-017


 Diferença relativa:   2.5320893934634345E-007

1 Threads
 Método de Gauss-Seidel para tolerância de   9.9999999999999998E-017


 Diferença relativa:   2.5320894473830400E-007

2 Threads
 Método de Gauss-Seidel para tolerância de   9.9999999999999998E-017


 Diferença relativa:   2.5320894470388307E-007

3 Threads
 Método de Gauss-Seidel para tolerância de   9.9999999999999998E-017


 Diferença relativa:   2.5320894061270678E-007

4 Threads
 Método de Gauss-Seidel para tolerância de   9.9999999999999998E-017


 Diferença relativa:   2.5320894026587469E-007

5 Threads
 Método de Gauss-Seidel para tolerância de   9.9999999999999998E-017


 Diferença relativa:   2.5320894000361979E-007

6 Threads
 Método de Gauss-Seidel para tolerância de   9.9999999999999998E-017


 Diferença relativa:   2.5320894007869026E-007

7 Threads
 Método de Gauss-Seidel para tolerância de   9.9999999999999998E-017


 Diferença relativa:   2.5320894040716450E-007

8 Threads
 Método de Gauss-Seidel para tolerância de   9.9999999999999998E-017


 Diferença relativa:   2.5320894016195619E-007

1 Threads
 Método de Gauss-Seidel para tolerância de   9.9999999999999998E-017


 Diferença relativa:   2.5320894473830400E-007

2 Threads
 Método de Gauss-Seidel para tolerância de   9.9999999999999998E-017


 Diferença relativa:   2.5320894516545165E-007

3 Threads
 Método de Gauss-Seidel para tolerância de   9.9999999999999998E-017


 Diferença relativa:   2.5320894459963671E-007

4 Threads
 Método de Gauss-Seidel para tolerância de   9.9999999999999998E-017


 Diferença relativa:   2.5320894060516692E-007

5 Threads
 Método de Gauss-Seidel para tolerância de   9.9999999999999998E-017


 Diferença relativa:   2.5320894055533851E-007

6 Threads
 Método de Gauss-Seidel para tolerância de   9.9999999999999998E-017


 Diferença relativa:   2.5320894058025272E-007

7 Threads
 Método de Gauss-Seidel para tolerância de   9.9999999999999998E-017


 Diferença relativa:   2.5320893938797645E-007

8 Threads
 Método de Gauss-Seidel para tolerância de   9.9999999999999998E-017


 Diferença relativa:   2.5320893898639860E-007

1 Threads
 Método de Gauss-Seidel para tolerância de   9.9999999999999998E-017


 Diferença relativa:   2.5320894473830400E-007

2 Threads
 Método de Gauss-Seidel para tolerância de   9.9999999999999998E-017


 Diferença relativa:   2.5320894516545165E-007

3 Threads
 Método de Gauss-Seidel para tolerância de   9.9999999999999998E-017


 Diferença relativa:   2.5320894086840528E-007

4 Threads
 Método de Gauss-Seidel para tolerância de   9.9999999999999998E-017


 Diferença relativa:   2.5320894237178145E-007

5 Threads
 Método de Gauss-Seidel para tolerância de   9.9999999999999998E-017


 Diferença relativa:   2.5320894112672635E-007

6 Threads
 Método de Gauss-Seidel para tolerância de   9.9999999999999998E-017


 Diferença relativa:   2.5320894324836838E-007

7 Threads
 Método de Gauss-Seidel para tolerância de   9.9999999999999998E-017


 Diferença relativa:   2.5320893942633121E-007

8 Threads
 Método de Gauss-Seidel para tolerância de   9.9999999999999998E-017


 Diferença relativa:   2.5320893874774664E-007

1 Threads
 Método de Gauss-Seidel para tolerância de   9.9999999999999998E-017


 Diferença relativa:   2.5320893972136792E-007

2 Threads
 Método de Gauss-Seidel para tolerância de   9.9999999999999998E-017


 Diferença relativa:   2.5320893972136792E-007

3 Threads
 Método de Gauss-Seidel para tolerância de   9.9999999999999998E-017


 Diferença relativa:   2.5320893972136792E-007

4 Threads
 Método de Gauss-Seidel para tolerância de   9.9999999999999998E-017


 Diferença relativa:   2.5320893972136792E-007

5 Threads
 Método de Gauss-Seidel para tolerância de   9.9999999999999998E-017


 Diferença relativa:   2.5320893972136792E-007

6 Threads
 Método de Gauss-Seidel para tolerância de   9.9999999999999998E-017


 Diferença relativa:   2.5320893972136792E-007

7 Threads
 Método de Gauss-Seidel para tolerância de   9.9999999999999998E-017


 Diferença relativa:   2.5320893972136792E-007

8 Threads
 Método de Gauss-Seidel para tolerância de   9.9999999999999998E-017


 Diferença relativa:   2.5320893972136792E-007

1 Threads
2 Threads
3 Threads
4 Threads
5 Threads
6 Threads
7 Threads
8 Threads
1 Threads
 Método de Gauss-Seidel para tolerância de   9.9999999999999998E-017


 Diferença relativa:   2.5320894473830400E-007

2 Threads
 Método de Gauss-Seidel para tolerância de   9.9999999999999998E-017


 Diferença relativa:   2.5320894516545165E-007

3 Threads
 Método de Gauss-Seidel para tolerância de   9.9999999999999998E-017


 Diferença relativa:   2.5320894086840528E-007

4 Threads
 Método de Gauss-Seidel para tolerância de   9.9999999999999998E-017


 Diferença relativa:   2.5320894237178145E-007

5 Threads
 Método de Gauss-Seidel para tolerância de   9.9999999999999998E-017


 Diferença relativa:   2.5320894501563852E-007

6 Threads
 Método de Gauss-Seidel para tolerância de   9.9999999999999998E-017


 Diferença relativa:   2.5320894086447144E-007

7 Threads
 Método de Gauss-Seidel para tolerância de   9.9999999999999998E-017


 Diferença relativa:   2.5320893943255976E-007

8 Threads
 Método de Gauss-Seidel para tolerância de   9.9999999999999998E-017


 Diferença relativa:   2.5320893993412222E-007

1 Threads
 Método de Gauss-Seidel para tolerância de   9.9999999999999998E-017


 Diferença relativa:   6.3638527581778250E-008

2 Threads
 Método de Gauss-Seidel para tolerância de   9.9999999999999998E-017


 Diferença relativa:   6.3638531262683430E-008

3 Threads
 Método de Gauss-Seidel para tolerância de   9.9999999999999998E-017


 Diferença relativa:   6.3638524624961263E-008

4 Threads
 Método de Gauss-Seidel para tolerância de   9.9999999999999998E-017


 Diferença relativa:   6.3638524364157714E-008

5 Threads
 Método de Gauss-Seidel para tolerância de   9.9999999999999998E-017


 Diferença relativa:   6.3638521162188679E-008

6 Threads
 Método de Gauss-Seidel para tolerância de   9.9999999999999998E-017


 Diferença relativa:   6.3638523481906923E-008

7 Threads
 Método de Gauss-Seidel para tolerância de   9.9999999999999998E-017


 Diferença relativa:   6.3638519873492940E-008

8 Threads
 Método de Gauss-Seidel para tolerância de   9.9999999999999998E-017


 Diferença relativa:   6.3638516411708870E-008

1 Threads
 Método de Gauss-Seidel para tolerância de   1.0000000000000000E-008


 Diferença relativa:   4.0451209513090839E-005

2 Threads
 Método de Gauss-Seidel para tolerância de   1.0000000000000000E-008


 Diferença relativa:   4.0657344525569729E-005

3 Threads
 Método de Gauss-Seidel para tolerância de   1.0000000000000000E-008


 Diferença relativa:   4.0919275780184143E-005

4 Threads
 Método de Gauss-Seidel para tolerância de   1.0000000000000000E-008


 Diferença relativa:   4.1140508586272464E-005

5 Threads
 Método de Gauss-Seidel para tolerância de   1.0000000000000000E-008


 Diferença relativa:   4.1495829713285533E-005

6 Threads
 Método de Gauss-Seidel para tolerância de   1.0000000000000000E-008


 Diferença relativa:   4.1734761650493689E-005

7 Threads
 Método de Gauss-Seidel para tolerância de   1.0000000000000000E-008


 Diferença relativa:   4.1876241544137031E-005

8 Threads
 Método de Gauss-Seidel para tolerância de   1.0000000000000000E-008


 Diferença relativa:   4.2065672128557941E-005

1 Threads
 Método de Gauss-Seidel para tolerância de   1.0000000000000000E-010


 Diferença relativa:   3.4219968297973664E-007

2 Threads
 Método de Gauss-Seidel para tolerância de   1.0000000000000000E-010


 Diferença relativa:   3.4426617684613340E-007

3 Threads
 Método de Gauss-Seidel para tolerância de   1.0000000000000000E-010


 Diferença relativa:   3.4688688022323931E-007

4 Threads
 Método de Gauss-Seidel para tolerância de   1.0000000000000000E-010


 Diferença relativa:   3.4937794308711848E-007

5 Threads
 Método de Gauss-Seidel para tolerância de   1.0000000000000000E-010


 Diferença relativa:   3.5185676208107983E-007

6 Threads
 Método de Gauss-Seidel para tolerância de   1.0000000000000000E-010


 Diferença relativa:   3.5452122158483544E-007

7 Threads
 Método de Gauss-Seidel para tolerância de   1.0000000000000000E-010


 Diferença relativa:   3.5653777913322799E-007

8 Threads
 Método de Gauss-Seidel para tolerância de   1.0000000000000000E-010


 Diferença relativa:   3.5843317619843001E-007

1 Threads
 Método de Gauss-Seidel para tolerância de   1.0000000000000001E-009


 Diferença relativa:   3.9890777635772212E-006

2 Threads
 Método de Gauss-Seidel para tolerância de   1.0000000000000001E-009


 Diferença relativa:   4.0093277985375662E-006

3 Threads
 Método de Gauss-Seidel para tolerância de   1.0000000000000001E-009


 Diferença relativa:   4.0361473656906867E-006

4 Threads
 Método de Gauss-Seidel para tolerância de   1.0000000000000001E-009


 Diferença relativa:   4.0599478468581570E-006

5 Threads
 Método de Gauss-Seidel para tolerância de   1.0000000000000001E-009


 Diferença relativa:   4.0856245386872734E-006

6 Threads
 Método de Gauss-Seidel para tolerância de   1.0000000000000001E-009


 Diferença relativa:   4.1110449319742469E-006

7 Threads
 Método de Gauss-Seidel para tolerância de   1.0000000000000001E-009


 Diferença relativa:   4.1315987102998812E-006

8 Threads
 Método de Gauss-Seidel para tolerância de   1.0000000000000001E-009


 Diferença relativa:   4.1490781715895293E-006

1 Threads
 Método de Gauss-Seidel para tolerância de   9.9999999999999998E-017


 Diferença relativa:   6.3638527581778250E-008

2 Threads
 Método de Gauss-Seidel para tolerância de   9.9999999999999998E-017


 Diferença relativa:   6.3638531686262664E-008

3 Threads
 Método de Gauss-Seidel para tolerância de   9.9999999999999998E-017


 Diferença relativa:   6.3638522924054227E-008

4 Threads
 Método de Gauss-Seidel para tolerância de   9.9999999999999998E-017


 Diferença relativa:   6.3638525302424434E-008

5 Threads
 Método de Gauss-Seidel para tolerância de   9.9999999999999998E-017


 Diferença relativa:   6.3638521526951188E-008

6 Threads
 Método de Gauss-Seidel para tolerância de   9.9999999999999998E-017


 Diferença relativa:   6.3638522524858399E-008

7 Threads
 Método de Gauss-Seidel para tolerância de   9.9999999999999998E-017


 Diferença relativa:   6.3638519192405209E-008

8 Threads
 Método de Gauss-Seidel para tolerância de   9.9999999999999998E-017


 Diferença relativa:   6.3638520430686618E-008

1 Threads
 Método de Gauss-Seidel para tolerância de   9.9999999999999998E-017


 Diferença relativa:   2.5320894550113790E-007

2 Threads
 Método de Gauss-Seidel para tolerância de   9.9999999999999998E-017


 Diferença relativa:   2.5320894162828881E-007

3 Threads
 Método de Gauss-Seidel para tolerância de   9.9999999999999998E-017


 Diferença relativa:   2.5320894095331027E-007

4 Threads
 Método de Gauss-Seidel para tolerância de   9.9999999999999998E-017


 Diferença relativa:   2.5320894470683339E-007

5 Threads
 Método de Gauss-Seidel para tolerância de   9.9999999999999998E-017


 Diferença relativa:   2.5320894435311714E-007

6 Threads
 Método de Gauss-Seidel para tolerância de   9.9999999999999998E-017


 Diferença relativa:   2.5320894077005967E-007

7 Threads
 Método de Gauss-Seidel para tolerância de   9.9999999999999998E-017


 Diferença relativa:   2.5320894005934895E-007

8 Threads
 Método de Gauss-Seidel para tolerância de   9.9999999999999998E-017


 Diferença relativa:   2.5320893948664980E-007

1 Threads
 Método de Gauss-Seidel para tolerância de   9.9999999999999998E-017


 Diferença relativa:   1.1293693009545552E-007

2 Threads
 Método de Gauss-Seidel para tolerância de   9.9999999999999998E-017


 Diferença relativa:   1.1293692904284337E-007

3 Threads
 Método de Gauss-Seidel para tolerância de   9.9999999999999998E-017


 Diferença relativa:   1.1293692914108718E-007

4 Threads
 Método de Gauss-Seidel para tolerância de   9.9999999999999998E-017


 Diferença relativa:   1.1293692604355664E-007

5 Threads
 Método de Gauss-Seidel para tolerância de   9.9999999999999998E-017


 Diferença relativa:   1.1293692224867057E-007

6 Threads
 Método de Gauss-Seidel para tolerância de   9.9999999999999998E-017


 Diferença relativa:   1.1293692224735479E-007

7 Threads
 Método de Gauss-Seidel para tolerância de   9.9999999999999998E-017


 Diferença relativa:   1.1293692017984910E-007

8 Threads
 Método de Gauss-Seidel para tolerância de   9.9999999999999998E-017


 Diferença relativa:   1.1293692142412438E-007

1 Threads
 Método de Gauss-Seidel para tolerância de   9.9999999999999998E-017


 Diferença relativa:   6.3638523387009349E-008

2 Threads
 Método de Gauss-Seidel para tolerância de   9.9999999999999998E-017


 Diferença relativa:   6.3638526842532813E-008

3 Threads
 Método de Gauss-Seidel para tolerância de   9.9999999999999998E-017


 Diferença relativa:   6.3638522992756103E-008

4 Threads
 Método de Gauss-Seidel para tolerância de   9.9999999999999998E-017


 Diferença relativa:   6.3638525255799413E-008

5 Threads
 Método de Gauss-Seidel para tolerância de   9.9999999999999998E-017


 Diferença relativa:   6.3638521642442847E-008

6 Threads
7 Threads
8 Threads
1 Threads
 Método de Gauss-Seidel para tolerância de   9.9999999999999998E-017


 Diferença relativa:   2.5320894473830400E-007

2 Threads
 Método de Gauss-Seidel para tolerância de   9.9999999999999998E-017


 Diferença relativa:   2.5320894516545165E-007

3 Threads
 Método de Gauss-Seidel para tolerância de   9.9999999999999998E-017


 Diferença relativa:   2.5320894029373927E-007

4 Threads
 Método de Gauss-Seidel para tolerância de   9.9999999999999998E-017


 Diferença relativa:   2.5320893941092373E-007

5 Threads
 Método de Gauss-Seidel para tolerância de   9.9999999999999998E-017


 Diferença relativa:   2.5320894025899048E-007

6 Threads
 Método de Gauss-Seidel para tolerância de   9.9999999999999998E-017


 Diferença relativa:   2.5320894075006276E-007

7 Threads
 Método de Gauss-Seidel para tolerância de   9.9999999999999998E-017


 Diferença relativa:   2.5320893943124850E-007

8 Threads
 Método de Gauss-Seidel para tolerância de   9.9999999999999998E-017


 Diferença relativa:   2.5320893993117184E-007

1 Threads
 Método de Gauss-Seidel para tolerância de   9.9999999999999998E-017


 Diferença relativa:   2.5320894473830400E-007

2 Threads
 Método de Gauss-Seidel para tolerância de   9.9999999999999998E-017


 Diferença relativa:   2.5320894516545165E-007

3 Threads
 Método de Gauss-Seidel para tolerância de   9.9999999999999998E-017


 Diferença relativa:   2.5320894089299168E-007

4 Threads
 Método de Gauss-Seidel para tolerância de   9.9999999999999998E-017


 Diferença relativa:   2.5320894237178145E-007

5 Threads
 Método de Gauss-Seidel para tolerância de   9.9999999999999998E-017


 Diferença relativa:   2.5320894397776481E-007

6 Threads
 Método de Gauss-Seidel para tolerância de   9.9999999999999998E-017


 Diferença relativa:   2.5320894078677846E-007

7 Threads
 Método de Gauss-Seidel para tolerância de   9.9999999999999998E-017


 Diferença relativa:   2.5320893945354013E-007

8 Threads
 Método de Gauss-Seidel para tolerância de   9.9999999999999998E-017


 Diferença relativa:   2.5320893834682451E-007

1 Threads
 Método de Gauss-Seidel para tolerância de   9.9999999999999998E-017


 Diferença relativa:   2.5320894473830400E-007

2 Threads
 Método de Gauss-Seidel para tolerância de   9.9999999999999998E-017


 Diferença relativa:   2.5320894516545165E-007

3 Threads
 Método de Gauss-Seidel para tolerância de   9.9999999999999998E-017


 Diferença relativa:   2.5320894089299168E-007

4 Threads
 Método de Gauss-Seidel para tolerância de   9.9999999999999998E-017


 Diferença relativa:   2.5320893941092373E-007

5 Threads
 Método de Gauss-Seidel para tolerância de   9.9999999999999998E-017


 Diferença relativa:   2.5320894112541509E-007

6 Threads
 Método de Gauss-Seidel para tolerância de   9.9999999999999998E-017


 Diferença relativa:   2.5320893968858611E-007

7 Threads
 Método de Gauss-Seidel para tolerância de   9.9999999999999998E-017


 Diferença relativa:   2.5320893942469209E-007

8 Threads
 Método de Gauss-Seidel para tolerância de   9.9999999999999998E-017


 Diferença relativa:   2.5320893947419270E-007

1 Threads
 Método de Gauss-Seidel para tolerância de   9.9999999999999998E-017


 Diferença relativa:   2.5320894473830400E-007

2 Threads
 Método de Gauss-Seidel para tolerância de   9.9999999999999998E-017


 Diferença relativa:   2.5320894516545165E-007

3 Threads
 Método de Gauss-Seidel para tolerância de   9.9999999999999998E-017


 Diferença relativa:   2.5320894029373927E-007

4 Threads
 Método de Gauss-Seidel para tolerância de   9.9999999999999998E-017


 Diferença relativa:   2.5320894351291800E-007

5 Threads
 Método de Gauss-Seidel para tolerância de   9.9999999999999998E-017


 Diferença relativa:   2.5320894025964609E-007

6 Threads
 Método de Gauss-Seidel para tolerância de   9.9999999999999998E-017


 Diferença relativa:   2.5320894019899969E-007

7 Threads
 Método de Gauss-Seidel para tolerância de   9.9999999999999998E-017


 Diferença relativa:   2.5320893940731770E-007

8 Threads
 Método de Gauss-Seidel para tolerância de   9.9999999999999998E-017


 Diferença relativa:   2.5320894204002898E-007

1 Threads
 Método de Gauss-Seidel para tolerância de   9.9999999999999998E-017


 Diferença relativa:   6.3638527581778250E-008

2 Threads
 Método de Gauss-Seidel para tolerância de   9.9999999999999998E-017


 Diferença relativa:   6.3638531710810817E-008

3 Threads
 Método de Gauss-Seidel para tolerância de   9.9999999999999998E-017


 Diferença relativa:   6.3638525642638791E-008

4 Threads
 Método de Gauss-Seidel para tolerância de   9.9999999999999998E-017


 Diferença relativa:   6.3638523073320186E-008

5 Threads
 Método de Gauss-Seidel para tolerância de   9.9999999999999998E-017


 Diferença relativa:   6.3638521225288967E-008

6 Threads
 Método de Gauss-Seidel para tolerância de   9.9999999999999998E-017


 Diferença relativa:   6.3638514265969499E-008

7 Threads
 Método de Gauss-Seidel para tolerância de   9.9999999999999998E-017


 Diferença relativa:   6.3638520343697182E-008

8 Threads
 Método de Gauss-Seidel para tolerância de   9.9999999999999998E-017


 Diferença relativa:   6.3638515444116175E-008

1 Threads
 Método de Gauss-Seidel para tolerância de   9.9999999999999998E-017


 Diferença relativa:   1.0211614014375145E-008

2 Threads
 Método de Gauss-Seidel para tolerância de   9.9999999999999998E-017


 Diferença relativa:   1.0211611698514416E-008

3 Threads
 Método de Gauss-Seidel para tolerância de   9.9999999999999998E-017


 Diferença relativa:   1.0211599450557465E-008

4 Threads
 Método de Gauss-Seidel para tolerância de   9.9999999999999998E-017


 Diferença relativa:   1.0211584351949348E-008

5 Threads
 Método de Gauss-Seidel para tolerância de   9.9999999999999998E-017


 Diferença relativa:   1.0211586996881373E-008

6 Threads
 Método de Gauss-Seidel para tolerância de   9.9999999999999998E-017


 Diferença relativa:   1.0211574986109599E-008

7 Threads
 Método de Gauss-Seidel para tolerância de   9.9999999999999998E-017


 Diferença relativa:   1.0211583134160798E-008

8 Threads
 Método de Gauss-Seidel para tolerância de   9.9999999999999998E-017


 Diferença relativa:   1.0211566704724371E-008

1 Threads
 Método de Gauss-Seidel para tolerância de   9.9999999999999998E-017


 Diferença relativa:   6.3638527581778250E-008

2 Threads
 Método de Gauss-Seidel para tolerância de   9.9999999999999998E-017


 Diferença relativa:   6.3638531710810817E-008

3 Threads
 Método de Gauss-Seidel para tolerância de   9.9999999999999998E-017


 Diferença relativa:   6.3638528529106370E-008

4 Threads
 Método de Gauss-Seidel para tolerância de   9.9999999999999998E-017


 Diferença relativa:   6.3638524700418001E-008

5 Threads
 Método de Gauss-Seidel para tolerância de   9.9999999999999998E-017


 Diferença relativa:   6.3638522175417881E-008

6 Threads
 Método de Gauss-Seidel para tolerância de   9.9999999999999998E-017


 Diferença relativa:   6.3638522413320809E-008

7 Threads
 Método de Gauss-Seidel para tolerância de   9.9999999999999998E-017


 Diferença relativa:   6.3638523582241324E-008

8 Threads
 Malha          200 x         200
 Método de Gauss-Seidel para tolerância de   9.9999999999999998E-017


 Diferença relativa:   6.3638523453075192E-008

1 Threads
 Malha          200 x         200

 Método de Gauss-Seidel para tolerância de   9.9999999999999998E-017


 Diferença relativa:   6.3638527581778250E-008

2 Threads
3 Threads
4 Threads
5 Threads
6 Threads
7 Threads
8 Threads
1 Threads
2 Threads
3 Threads
4 Threads
5 Threads
6 Threads
7 Threads
8 Threads
1 Threads
 Malha          200 x         200

 Método de Gauss-Seidel para tolerância de   9.9999999999999998E-017


 Diferença relativa:   6.3638527581778250E-008

2 Threads
 Malha          200 x         200

 Método de Gauss-Seidel para tolerância de   9.9999999999999998E-017


 Diferença relativa:   6.3638529911875917E-008

3 Threads
 Malha          200 x         200

 Método de Gauss-Seidel para tolerância de   9.9999999999999998E-017


 Diferença relativa:   6.3638525171281261E-008

4 Threads
 Malha          200 x         200

 Método de Gauss-Seidel para tolerância de   9.9999999999999998E-017


 Diferença relativa:   6.3638521729432284E-008

5 Threads
 Malha          200 x         200

 Método de Gauss-Seidel para tolerância de   9.9999999999999998E-017


 Diferença relativa:   6.3638521370106601E-008

6 Threads
 Malha          200 x         200

 Método de Gauss-Seidel para tolerância de   9.9999999999999998E-017


 Diferença relativa:   6.3638520758050268E-008

7 Threads
 Malha          200 x         200

 Método de Gauss-Seidel para tolerância de   9.9999999999999998E-017


 Diferença relativa:   6.3638519955539794E-008

8 Threads
 Malha          200 x         200

 Método de Gauss-Seidel para tolerância de   9.9999999999999998E-017


 Diferença relativa:   6.3638518678376740E-008

1 Threads
 Malha          100 x         100

 Método de Gauss-Seidel para tolerância de   9.9999999999999998E-017


 Diferença relativa:   2.5320894473830400E-007

2 Threads
 Malha          100 x         100

 Método de Gauss-Seidel para tolerância de   9.9999999999999998E-017


 Diferença relativa:   2.5320894516545165E-007

3 Threads
 Malha          100 x         100

 Método de Gauss-Seidel para tolerância de   9.9999999999999998E-017


 Diferença relativa:   2.5320894086840528E-007

4 Threads
 Malha          100 x         100

 Método de Gauss-Seidel para tolerância de   9.9999999999999998E-017


 Diferença relativa:   2.5320894048551314E-007

5 Threads
 Malha          100 x         100

 Método de Gauss-Seidel para tolerância de   9.9999999999999998E-017


 Diferença relativa:   2.5320894112672635E-007

6 Threads
 Malha          100 x         100

 Método de Gauss-Seidel para tolerância de   9.9999999999999998E-017


 Diferença relativa:   2.5320894074350641E-007

7 Threads
 Malha          100 x         100

 Método de Gauss-Seidel para tolerância de   9.9999999999999998E-017


 Diferença relativa:   2.5320893965842676E-007

8 Threads
 Malha          100 x         100

 Método de Gauss-Seidel para tolerância de   9.9999999999999998E-017


 Diferença relativa:   2.5320893993117184E-007

1 Threads
 Malha          160 x         160

 Método de Gauss-Seidel para tolerância de   9.9999999999999998E-017


 Diferença relativa:   9.9302159946124677E-008

2 Threads
 Malha          160 x         160

 Método de Gauss-Seidel para tolerância de   9.9999999999999998E-017


 Diferença relativa:   9.9302155808533610E-008

3 Threads
 Malha          160 x         160

 Método de Gauss-Seidel para tolerância de   9.9999999999999998E-017


 Diferença relativa:   9.9302156048352235E-008

4 Threads
 Malha          160 x         160

 Método de Gauss-Seidel para tolerância de   9.9999999999999998E-017


 Diferença relativa:   9.9302156032103801E-008

5 Threads
 Malha          160 x         160

 Método de Gauss-Seidel para tolerância de   9.9999999999999998E-017


 Diferença relativa:   9.9302155222973050E-008

6 Threads
 Malha          160 x         160

 Método de Gauss-Seidel para tolerância de   9.9999999999999998E-017


 Diferença relativa:   9.9302154404792546E-008

7 Threads
 Malha          160 x         160

 Método de Gauss-Seidel para tolerância de   9.9999999999999998E-017


 Diferença relativa:   9.9302152880730823E-008

8 Threads
 Malha          160 x         160

 Método de Gauss-Seidel para tolerância de   9.9999999999999998E-017


 Diferença relativa:   9.9302154557610075E-008

1 Threads
 Malha          160 x         160

 Método de Gauss-Seidel para tolerância de   9.9999999999999998E-017


 Diferença relativa:   9.9302159946124677E-008

2 Threads
 Malha          160 x         160

 Método de Gauss-Seidel para tolerância de   9.9999999999999998E-017


 Diferença relativa:   9.9302154555141953E-008

3 Threads
 Malha          160 x         160

 Método de Gauss-Seidel para tolerância de   9.9999999999999998E-017


 Diferença relativa:   9.9302154019149404E-008

4 Threads
1 Threads
1 Threads
2 Threads
3 Threads
4 Threads
5 Threads
6 Threads
7 Threads
8 Threads
1 Threads
 Malha          160 x         160

 Método de Gauss-Seidel para tolerância de   9.9999999999999998E-017


 Diferença relativa:   9.9302173009040797E-008

2 Threads
1 Threads
 Malha          160 x         160
 
 Método de Gauss-Seidel para tolerância de  1.000000000000000E-016
 
 
 Diferença relativa:  9.930217300904080E-008
 
2 Threads
 Malha          160 x         160
 
 Método de Gauss-Seidel para tolerância de  1.000000000000000E-016
 
 
 Diferença relativa:  9.930216973097118E-008
 
3 Threads
 Malha          160 x         160
 
 Método de Gauss-Seidel para tolerância de  1.000000000000000E-016
 
 
 Diferença relativa:  9.930217024248825E-008
 
4 Threads
 Malha          160 x         160
 
 Método de Gauss-Seidel para tolerância de  1.000000000000000E-016
 
 
 Diferença relativa:  9.930216141815028E-008
 
5 Threads
 Malha          160 x         160
 
 Método de Gauss-Seidel para tolerância de  1.000000000000000E-016
 
 
 Diferença relativa:  9.930216575092821E-008
 
6 Threads
 Malha          160 x         160
 
 Método de Gauss-Seidel para tolerância de  1.000000000000000E-016
 
 
 Diferença relativa:  9.930216797428950E-008
 
7 Threads
 Malha          160 x         160
 
 Método de Gauss-Seidel para tolerância de  1.000000000000000E-016
 
 
 Diferença relativa:  9.930216983956830E-008
 
8 Threads
 Malha          160 x         160
 
 Método de Gauss-Seidel para tolerância de  1.000000000000000E-016
 
 
 Diferença relativa:  9.930216079248284E-008
 
1 Threads
 Malha          160 x         160
 
 Método de Gauss-Seidel para tolerância de  1.000000000000000E-016
 
 
 Diferença relativa:  9.930217300904080E-008
 
2 Threads
 Malha          160 x         160
 
 Método de Gauss-Seidel para tolerância de  1.000000000000000E-016
 
 
 Diferença relativa:  9.930216832064848E-008
 
3 Threads
 Malha          160 x         160
 
 Método de Gauss-Seidel para tolerância de  1.000000000000000E-016
 
4 Threads
 Malha          160 x         160
 
 Método de Gauss-Seidel para tolerância de  1.000000000000000E-016
 
5 Threads
 Malha          160 x         160
 
 Método de Gauss-Seidel para tolerância de  1.000000000000000E-016
 
1 Threads
 Malha          160 x         160
 
 Método de Gauss-Seidel para tolerância de  1.000000000000000E-016
 
 
 Diferença relativa:  9.930217300904080E-008
 
2 Threads
 Malha          160 x         160
 
 Método de Gauss-Seidel para tolerância de  1.000000000000000E-016
 
 
 Diferença relativa:  9.930216758885203E-008
 
3 Threads
 Malha          160 x         160
 
 Método de Gauss-Seidel para tolerância de  1.000000000000000E-016
 
 
 Diferença relativa:  9.930216302098606E-008
 
4 Threads
 Malha          160 x         160
 
 Método de Gauss-Seidel para tolerância de  1.000000000000000E-016
 
1 Threads
 Malha          160 x         160
 
 Método de Gauss-Seidel para tolerância de  1.000000000000000E-016
 
 
 Diferença relativa:  9.930217300904080E-008
 
2 Threads
 Malha          160 x         160
 
 Método de Gauss-Seidel para tolerância de  1.000000000000000E-016
 
 
 Diferença relativa:  9.930217200246075E-008
 
3 Threads
 Malha          160 x         160
 
 Método de Gauss-Seidel para tolerância de  1.000000000000000E-016
 
 
 Diferença relativa:  9.930215940663562E-008
 
4 Threads
 Malha          160 x         160
 
 Método de Gauss-Seidel para tolerância de  1.000000000000000E-016
 
 
 Diferença relativa:  9.930216926573128E-008
 
5 Threads
 Malha          160 x         160
 
 Método de Gauss-Seidel para tolerância de  1.000000000000000E-016
 
1 Threads
2 Threads
3 Threads
4 Threads
5 Threads
6 Threads
7 Threads
8 Threads
1 Threads
 Malha          100 x         100
 
 Método de Gauss-Seidel para tolerância de  1.000000000000000E-016
 
 
 Diferença relativa:  2.532089473959295E-007
 
2 Threads
 Malha          100 x         100
 
 Método de Gauss-Seidel para tolerância de  1.000000000000000E-016
 
 
 Diferença relativa:  2.532089450487482E-007
 
3 Threads
 Malha          100 x         100
 
 Método de Gauss-Seidel para tolerância de  1.000000000000000E-016
 
 
 Diferença relativa:  2.532089444573634E-007
 
4 Threads
 Malha          100 x         100
 
 Método de Gauss-Seidel para tolerância de  1.000000000000000E-016
 
 
 Diferença relativa:  2.532089433939199E-007
 
5 Threads
 Malha          100 x         100
 
 Método de Gauss-Seidel para tolerância de  1.000000000000000E-016
 
 
 Diferença relativa:  2.532089392535708E-007
 
6 Threads
 Malha          100 x         100
 
 Método de Gauss-Seidel para tolerância de  1.000000000000000E-016
 
 
 Diferença relativa:  2.532089398092233E-007
 
7 Threads
 Malha          100 x         100
 
 Método de Gauss-Seidel para tolerância de  1.000000000000000E-016
 
 
 Diferença relativa:  2.532089394679641E-007
 
8 Threads
 Malha          100 x         100
 
 Método de Gauss-Seidel para tolerância de  1.000000000000000E-016
 
 
 Diferença relativa:  2.532089390372105E-007
 
1 Threads
 Malha          100 x         100

 Método de Gauss-Seidel para tolerância de   9.9999999999999998E-017


 Diferença relativa:   2.5320894473830400E-007

2 Threads
 Malha          100 x         100

 Método de Gauss-Seidel para tolerância de   9.9999999999999998E-017


 Diferença relativa:   2.5320894516545165E-007

3 Threads
 Malha          100 x         100

 Método de Gauss-Seidel para tolerância de   9.9999999999999998E-017


 Diferença relativa:   2.5320894086840528E-007

4 Threads
 Malha          100 x         100

 Método de Gauss-Seidel para tolerância de   9.9999999999999998E-017


 Diferença relativa:   2.5320894048977477E-007

5 Threads
 Malha          100 x         100

 Método de Gauss-Seidel para tolerância de   9.9999999999999998E-017


 Diferença relativa:   2.5320893989970129E-007

6 Threads
 Malha          100 x         100

 Método de Gauss-Seidel para tolerância de   9.9999999999999998E-017


 Diferença relativa:   2.5320894130669877E-007

7 Threads
 Malha          100 x         100

 Método de Gauss-Seidel para tolerância de   9.9999999999999998E-017


 Diferença relativa:   2.5320893965711550E-007

8 Threads
 Malha          100 x         100

 Método de Gauss-Seidel para tolerância de   9.9999999999999998E-017


 Diferença relativa:   2.5320894070187341E-007

1 Threads
 Malha          100 x         100
 
 Método de Gauss-Seidel para tolerância de  1.000000000000000E-016
 
 
 Diferença relativa:  2.532089474083866E-007
 
2 Threads
 Malha          100 x         100
 
 Método de Gauss-Seidel para tolerância de  1.000000000000000E-016
 
 
 Diferença relativa:  2.532089450612053E-007
 
3 Threads
 Malha          100 x         100
 
 Método de Gauss-Seidel para tolerância de  1.000000000000000E-016
 
 
 Diferença relativa:  2.532089447192905E-007
 
4 Threads
 Malha          100 x         100
 
 Método de Gauss-Seidel para tolerância de  1.000000000000000E-016
 
 
 Diferença relativa:  2.532089427740148E-007
 
5 Threads
 Malha          100 x         100
 
 Método de Gauss-Seidel para tolerância de  1.000000000000000E-016
 
 
 Diferença relativa:  2.532089436601086E-007
 
6 Threads
 Malha          100 x         100
 
 Método de Gauss-Seidel para tolerância de  1.000000000000000E-016
 
 
 Diferença relativa:  2.532089390411444E-007
 
7 Threads
 Malha          100 x         100
 
 Método de Gauss-Seidel para tolerância de  1.000000000000000E-016
 
 
 Diferença relativa:  2.532089376692235E-007
 
8 Threads
 Malha          100 x         100
 
 Método de Gauss-Seidel para tolerância de  1.000000000000000E-016
 
 
 Diferença relativa:  2.532089376089048E-007
 
1 Threads
 Malha          100 x         100
 
 Método de Gauss-Seidel para tolerância de  1.000000000000000E-016
 
 
 Diferença relativa:  2.532089474083866E-007
 
2 Threads
 Malha          100 x         100
 
 Método de Gauss-Seidel para tolerância de  1.000000000000000E-016
 
 
 Diferença relativa:  2.532089450612053E-007
 
3 Threads
 Malha          100 x         100
 
 Método de Gauss-Seidel para tolerância de  1.000000000000000E-016
 
 
 Diferença relativa:  2.532089447192905E-007
 
4 Threads
 Malha          100 x         100
 
 Método de Gauss-Seidel para tolerância de  1.000000000000000E-016
 
 
 Diferença relativa:  2.532089434103108E-007
 
5 Threads
 Malha          100 x         100
 
 Método de Gauss-Seidel para tolerância de  1.000000000000000E-016
 
 
 Diferença relativa:  2.532089410749310E-007
 
6 Threads
 Malha          100 x         100
 
 Método de Gauss-Seidel para tolerância de  1.000000000000000E-016
 
 
 Diferença relativa:  2.532089393578171E-007
 
7 Threads
 Malha          100 x         100
 
 Método de Gauss-Seidel para tolerância de  1.000000000000000E-016
 
 
 Diferença relativa:  2.532089386067847E-007
 
8 Threads
 Malha          100 x         100
 
 Método de Gauss-Seidel para tolerância de  1.000000000000000E-016
 
 
 Diferença relativa:  2.532089379675384E-007
 
1 Threads
 Malha          100 x         100
 
 Método de Gauss-Seidel para tolerância de  1.000000000000000E-016
 
 
 Diferença relativa:  2.532089474083866E-007
 
2 Threads
 Malha          100 x         100
 
 Método de Gauss-Seidel para tolerância de  1.000000000000000E-016
 
 
 Diferença relativa:  2.532089450612053E-007
 
3 Threads
 Malha          100 x         100
 
 Método de Gauss-Seidel para tolerância de  1.000000000000000E-016
 
 
 Diferença relativa:  2.532089444701483E-007
 
4 Threads
 Malha          100 x         100
 
 Método de Gauss-Seidel para tolerância de  1.000000000000000E-016
 
 
 Diferença relativa:  2.532089436165087E-007
 
5 Threads
 Malha          100 x         100
 
 Método de Gauss-Seidel para tolerância de  1.000000000000000E-016
 
 
 Diferença relativa:  2.532089434145724E-007
 
6 Threads
 Malha          100 x         100
 
 Método de Gauss-Seidel para tolerância de  1.000000000000000E-016
 
 
 Diferença relativa:  2.532089406979396E-007
 
7 Threads
 Malha          100 x         100
 
 Método de Gauss-Seidel para tolerância de  1.000000000000000E-016
 
 
 Diferença relativa:  2.532089375076089E-007
 
8 Threads
 Malha          100 x         100
 
 Método de Gauss-Seidel para tolerância de  1.000000000000000E-016
 
 
 Diferença relativa:  2.532089378813221E-007
 
1 Threads
 Malha          100 x         100
 
 Método de Gauss-Seidel para tolerância de  1.000000000000000E-016
 
 
 Diferença relativa:  2.532089474083866E-007
 
2 Threads
 Malha          100 x         100
 
 Método de Gauss-Seidel para tolerância de  1.000000000000000E-016
 
 
 Diferença relativa:  2.532089450739902E-007
 
3 Threads
 Malha          100 x         100
 
 Método de Gauss-Seidel para tolerância de  1.000000000000000E-016
 
 
 Diferença relativa:  2.532089447245356E-007
 
4 Threads
 Malha          100 x         100
 
 Método de Gauss-Seidel para tolerância de  1.000000000000000E-016
 
 
 Diferença relativa:  2.532089443993396E-007
 
5 Threads
 Malha          100 x         100
 
 Método de Gauss-Seidel para tolerância de  1.000000000000000E-016
 
 
 Diferença relativa:  2.532089407310493E-007
 
6 Threads
 Malha          100 x         100
 
 Método de Gauss-Seidel para tolerância de  1.000000000000000E-016
 
 
 Diferença relativa:  2.532089406336872E-007
 
7 Threads
 Malha          100 x         100
 
 Método de Gauss-Seidel para tolerância de  1.000000000000000E-016
 
 
 Diferença relativa:  2.532089392007920E-007
 
8 Threads
 Malha          100 x         100
 
 Método de Gauss-Seidel para tolerância de  1.000000000000000E-016
 
 
 Diferença relativa:  2.532089397305469E-007
 
1 Threads
 Malha          100 x         100
 
 Método de Gauss-Seidel para tolerância de  1.000000000000000E-016
 
 
 Diferença relativa:  2.532089474083866E-007
 
2 Threads
 Malha          100 x         100
 
 Método de Gauss-Seidel para tolerância de  1.000000000000000E-016
 
 
 Diferença relativa:  2.532089450612053E-007
 
3 Threads
 Malha          100 x         100
 
 Método de Gauss-Seidel para tolerância de  1.000000000000000E-016
 
 
 Diferença relativa:  2.532089450067874E-007
 
4 Threads
 Malha          100 x         100
 
 Método de Gauss-Seidel para tolerância de  1.000000000000000E-016
 
 
 Diferença relativa:  2.532089424802894E-007
 
5 Threads
 Malha          100 x         100
 
 Método de Gauss-Seidel para tolerância de  1.000000000000000E-016
 
 
 Diferença relativa:  2.532089403124249E-007
 
6 Threads
 Malha          100 x         100
 
 Método de Gauss-Seidel para tolerância de  1.000000000000000E-016
 
 
 Diferença relativa:  2.532089385199127E-007
 
7 Threads
 Malha          100 x         100
 
 Método de Gauss-Seidel para tolerância de  1.000000000000000E-016
 
 
 Diferença relativa:  2.532089375879244E-007
 
8 Threads
 Malha          100 x         100
 
 Método de Gauss-Seidel para tolerância de  1.000000000000000E-016
 
 
 Diferença relativa:  2.532089375390794E-007
 
1 Threads
 Malha          100 x         100
 
 Método de Gauss-Seidel para tolerância de  1.000000000000000E-016
 
 
 Diferença relativa:  2.532089474083866E-007
 
2 Threads
 Malha          100 x         100
 
 Método de Gauss-Seidel para tolerância de  1.000000000000000E-016
 
 
 Diferença relativa:  2.532089450710399E-007
 
3 Threads
 Malha          100 x         100
 
 Método de Gauss-Seidel para tolerância de  1.000000000000000E-016
 
 
 Diferença relativa:  2.532089450107213E-007
 
4 Threads
 Malha          100 x         100
 
 Método de Gauss-Seidel para tolerância de  1.000000000000000E-016
 
 
 Diferença relativa:  2.532089434103108E-007
 
5 Threads
 Malha          100 x         100
 
 Método de Gauss-Seidel para tolerância de  1.000000000000000E-016
 
 
 Diferença relativa:  2.532089407117080E-007
 
6 Threads
 Malha          100 x         100
 
 Método de Gauss-Seidel para tolerância de  1.000000000000000E-016
 
 
 Diferença relativa:  2.532089373377988E-007
 
7 Threads
 Malha          100 x         100
 
 Método de Gauss-Seidel para tolerância de  1.000000000000000E-016
 
8 Threads
 Malha          100 x         100
 
 Método de Gauss-Seidel para tolerância de  1.000000000000000E-016
 
1 Threads
 Malha          100 x         100
 
 Método de Gauss-Seidel para tolerância de  1.000000000000000E-016
 
 
 Diferença relativa:  2.532089474083866E-007
 
2 Threads
 Malha          100 x         100
 
 Método de Gauss-Seidel para tolerância de  1.000000000000000E-016
 
 
 Diferença relativa:  2.532089450612053E-007
 
3 Threads
 Malha          100 x         100
 
 Método de Gauss-Seidel para tolerância de  1.000000000000000E-016
 
 
 Diferença relativa:  2.532089447192905E-007
 
4 Threads
 Malha          100 x         100
 
 Método de Gauss-Seidel para tolerância de  1.000000000000000E-016
 
 
 Diferença relativa:  2.532089436279823E-007
 
5 Threads
 Malha          100 x         100
 
 Método de Gauss-Seidel para tolerância de  1.000000000000000E-016
 
1 Threads
 Malha          100 x         100
 
 Método de Gauss-Seidel para tolerância de  1.000000000000000E-016
 
 
 Diferença relativa:  2.532089474083866E-007
 
2 Threads
 Malha          100 x         100
 
 Método de Gauss-Seidel para tolerância de  1.000000000000000E-016
 
 
 Diferença relativa:  2.532089450612053E-007
 
3 Threads
 Malha          100 x         100
 
 Método de Gauss-Seidel para tolerância de  1.000000000000000E-016
 
 
 Diferença relativa:  2.532089450133438E-007
 
4 Threads
 Malha          100 x         100
 
 Método de Gauss-Seidel para tolerância de  1.000000000000000E-016
 
 
 Diferença relativa:  2.532089434401423E-007
 
5 Threads
 Malha          100 x         100
 
 Método de Gauss-Seidel para tolerância de  1.000000000000000E-016
 
 
 Diferença relativa:  2.532089399872289E-007
 
6 Threads
 Malha          100 x         100
 
 Método de Gauss-Seidel para tolerância de  1.000000000000000E-016
 
 
 Diferença relativa:  2.532089385874434E-007
 
7 Threads
 Malha          100 x         100
 
 Método de Gauss-Seidel para tolerância de  1.000000000000000E-016
 
1 Threads
 Malha          100 x         100
 
 Método de Gauss-Seidel para tolerância de  1.000000000000000E-016
 
 
 Diferença relativa:  2.532089474083866E-007
 
2 Threads
 Malha          100 x         100
 
 Método de Gauss-Seidel para tolerância de  1.000000000000000E-016
 
 
 Diferença relativa:  2.532089450612053E-007
 
3 Threads
 Malha          100 x         100
 
 Método de Gauss-Seidel para tolerância de  1.000000000000000E-016
 
 
 Diferença relativa:  2.532089450054762E-007
 
4 Threads
 Malha          100 x         100
 
 Método de Gauss-Seidel para tolerância de  1.000000000000000E-016
 
 
 Diferença relativa:  2.532089425206111E-007
 
5 Threads
 Malha          100 x         100
 
 Método de Gauss-Seidel para tolerância de  1.000000000000000E-016
 
 
 Diferença relativa:  2.532089413286626E-007
 
6 Threads
 Malha          100 x         100
 
 Método de Gauss-Seidel para tolerância de  1.000000000000000E-016
 
 
 Diferença relativa:  2.532089383363343E-007
 
7 Threads
 Malha          100 x         100
 
 Método de Gauss-Seidel para tolerância de  1.000000000000000E-016
 
 
 Diferença relativa:  2.532089376400476E-007
 
8 Threads
 Malha          100 x         100
 
 Método de Gauss-Seidel para tolerância de  1.000000000000000E-016
 
 
 Diferença relativa:  2.532089392627497E-007
 
1 Threads
 Malha          100 x         100
 
 Método de Gauss-Seidel para tolerância de  1.000000000000000E-016
 
1 Threads
 Malha          100 x         100
 
 Método de Gauss-Seidel para tolerância de  1.000000000000000E-016
 
 
 Diferença relativa:  2.532089474083866E-007
 
2 Threads
 Malha          100 x         100
 
 Método de Gauss-Seidel para tolerância de  1.000000000000000E-016
 
 
 Diferença relativa:  2.532089450612053E-007
 
3 Threads
 Malha          100 x         100
 
 Método de Gauss-Seidel para tolerância de  1.000000000000000E-016
 
 
 Diferença relativa:  2.532089450067874E-007
 
4 Threads
 Malha          100 x         100
 
 Método de Gauss-Seidel para tolerância de  1.000000000000000E-016
 
 
 Diferença relativa:  2.532089434096552E-007
 
5 Threads
 Malha          100 x         100
 
 Método de Gauss-Seidel para tolerância de  1.000000000000000E-016
 
 
 Diferença relativa:  2.532089407458011E-007
 
6 Threads
 Malha          100 x         100
 
 Método de Gauss-Seidel para tolerância de  1.000000000000000E-016
 
7 Threads
 Malha          100 x         100
 
 Método de Gauss-Seidel para tolerância de  1.000000000000000E-016
 
1 Threads
 Malha          100 x         100

 Método de Gauss-Seidel para tolerância de   9.9999999999999998E-017


 Diferença relativa:   2.5320894473830400E-007

2 Threads
 Malha          100 x         100

 Método de Gauss-Seidel para tolerância de   9.9999999999999998E-017


 Diferença relativa:   2.5320894516545165E-007

3 Threads
 Malha          100 x         100

 Método de Gauss-Seidel para tolerância de   9.9999999999999998E-017


 Diferença relativa:   2.5320894086840528E-007

4 Threads
 Malha          100 x         100

 Método de Gauss-Seidel para tolerância de   9.9999999999999998E-017


 Diferença relativa:   2.5320894048780786E-007

5 Threads
 Malha          100 x         100

 Método de Gauss-Seidel para tolerância de   9.9999999999999998E-017


 Diferença relativa:   2.5320893989052236E-007

6 Threads
 Malha          100 x         100

 Método de Gauss-Seidel para tolerância de   9.9999999999999998E-017


 Diferença relativa:   2.5320894072416510E-007

7 Threads
 Malha          100 x         100

 Método de Gauss-Seidel para tolerância de   9.9999999999999998E-017


 Diferença relativa:   2.5320894045174781E-007

8 Threads
 Malha          100 x         100

 Método de Gauss-Seidel para tolerância de   9.9999999999999998E-017


 Diferença relativa:   2.5320893947419270E-007

